The system is: Linux - 2.6.32-696.16.1.el6.x86_64 - x86_64
Compiling the C compiler identification source file "CMakeCCompilerId.c" succeeded.
Compiler: /cvmfs/sft.cern.ch/lcg/external/gcc/4.8.4/x86_64-slc6/bin/gcc 
Build flags: 
Id flags: 

The output was:
0


Compilation of the C compiler identification source "CMakeCCompilerId.c" produced "a.out"

The C compiler identification is GNU, found in "/home/msamjad/ilc/marlintest/mymarlin/build/CMakeFiles/3.2.2/CompilerIdC/a.out"

Compiling the CXX compiler identification source file "CMakeCXXCompilerId.cpp" succeeded.
Compiler: /cvmfs/sft.cern.ch/lcg/external/gcc/4.8.4/x86_64-slc6/bin/g++ 
Build flags: 
Id flags: 

The output was:
0


Compilation of the CXX compiler identification source "CMakeCXXCompilerId.cpp" produced "a.out"

The CXX compiler identification is GNU, found in "/home/msamjad/ilc/marlintest/mymarlin/build/CMakeFiles/3.2.2/CompilerIdCXX/a.out"

Determining if the C compiler works passed with the following output:
Change Dir: /home/msamjad/ilc/marlintest/mymarlin/build/CMakeFiles/CMakeTmp

Run Build Command:"/usr/bin/gmake" "cmTryCompileExec3525648713/fast"
/usr/bin/gmake -f CMakeFiles/cmTryCompileExec3525648713.dir/build.make CMakeFiles/cmTryCompileExec3525648713.dir/build
gmake[1]: Entering directory `/home/msamjad/ilc/marlintest/mymarlin/build/CMakeFiles/CMakeTmp'
/home/msamjad/aeudaq/cmake-3.2.2/bin/cmake -E cmake_progress_report /home/msamjad/ilc/marlintest/mymarlin/build/CMakeFiles/CMakeTmp/CMakeFiles 1
Building C object CMakeFiles/cmTryCompileExec3525648713.dir/testCCompiler.c.o
/cvmfs/sft.cern.ch/lcg/external/gcc/4.8.4/x86_64-slc6/bin/gcc    -o CMakeFiles/cmTryCompileExec3525648713.dir/testCCompiler.c.o   -c /home/msamjad/ilc/marlintest/mymarlin/build/CMakeFiles/CMakeTmp/testCCompiler.c
Linking C executable cmTryCompileExec3525648713
/home/msamjad/aeudaq/cmake-3.2.2/bin/cmake -E cmake_link_script CMakeFiles/cmTryCompileExec3525648713.dir/link.txt --verbose=1
/cvmfs/sft.cern.ch/lcg/external/gcc/4.8.4/x86_64-slc6/bin/gcc       CMakeFiles/cmTryCompileExec3525648713.dir/testCCompiler.c.o  -o cmTryCompileExec3525648713 -rdynamic 
gmake[1]: Leaving directory `/home/msamjad/ilc/marlintest/mymarlin/build/CMakeFiles/CMakeTmp'


Detecting C compiler ABI info compiled with the following output:
Change Dir: /home/msamjad/ilc/marlintest/mymarlin/build/CMakeFiles/CMakeTmp

Run Build Command:"/usr/bin/gmake" "cmTryCompileExec100037719/fast"
/usr/bin/gmake -f CMakeFiles/cmTryCompileExec100037719.dir/build.make CMakeFiles/cmTryCompileExec100037719.dir/build
gmake[1]: Entering directory `/home/msamjad/ilc/marlintest/mymarlin/build/CMakeFiles/CMakeTmp'
/home/msamjad/aeudaq/cmake-3.2.2/bin/cmake -E cmake_progress_report /home/msamjad/ilc/marlintest/mymarlin/build/CMakeFiles/CMakeTmp/CMakeFiles 1
Building C object CMakeFiles/cmTryCompileExec100037719.dir/CMakeCCompilerABI.c.o
/cvmfs/sft.cern.ch/lcg/external/gcc/4.8.4/x86_64-slc6/bin/gcc    -o CMakeFiles/cmTryCompileExec100037719.dir/CMakeCCompilerABI.c.o   -c /home/msamjad/aeudaq/cmake-3.2.2/Modules/CMakeCCompilerABI.c
Linking C executable cmTryCompileExec100037719
/home/msamjad/aeudaq/cmake-3.2.2/bin/cmake -E cmake_link_script CMakeFiles/cmTryCompileExec100037719.dir/link.txt --verbose=1
/cvmfs/sft.cern.ch/lcg/external/gcc/4.8.4/x86_64-slc6/bin/gcc      -v CMakeFiles/cmTryCompileExec100037719.dir/CMakeCCompilerABI.c.o  -o cmTryCompileExec100037719 -rdynamic  
Using built-in specs.
COLLECT_GCC=/cvmfs/sft.cern.ch/lcg/external/gcc/4.8.4/x86_64-slc6/bin/gcc
COLLECT_LTO_WRAPPER=/cvmfs/sft.cern.ch/lcg/external/gcc/4.8.4/x86_64-slc6/bin/../libexec/gcc/x86_64-unknown-linux-gnu/4.8.4/lto-wrapper
Target: x86_64-unknown-linux-gnu
Configured with: ../gcc-4.8.4/configure --prefix=/build/pmendez-sftnight/install-484/ --with-system-zlib --disable-multilib --enable-languages=all
Thread model: posix
gcc version 4.8.4 (GCC) 
COMPILER_PATH=/cvmfs/sft.cern.ch/lcg/external/gcc/4.8.4/x86_64-slc6/bin/../libexec/gcc/x86_64-unknown-linux-gnu/4.8.4/:/cvmfs/sft.cern.ch/lcg/external/gcc/4.8.4/x86_64-slc6/bin/../libexec/gcc/:/cvmfs/sft.cern.ch/lcg/external/gcc/4.8.4/x86_64-slc6/lib/gcc/x86_64-unknown-linux-gnu/4.8.4/
LIBRARY_PATH=/cvmfs/sft.cern.ch/lcg/external/gcc/4.8.4/x86_64-slc6/bin/../lib/gcc/x86_64-unknown-linux-gnu/4.8.4/:/cvmfs/sft.cern.ch/lcg/external/gcc/4.8.4/x86_64-slc6/bin/../lib/gcc/:/cvmfs/sft.cern.ch/lcg/external/gcc/4.8.4/x86_64-slc6/bin/../lib/gcc/x86_64-unknown-linux-gnu/4.8.4/../../../../lib64/:/lib/../lib64/:/usr/lib/../lib64/:/cvmfs/sft.cern.ch/lcg/external/gcc/4.8.4/x86_64-slc6/bin/../lib/gcc/x86_64-unknown-linux-gnu/4.8.4/../../../:/lib/:/usr/lib/
COLLECT_GCC_OPTIONS='-v' '-o' 'cmTryCompileExec100037719' '-rdynamic' '-mtune=generic' '-march=x86-64'
 /cvmfs/sft.cern.ch/lcg/external/gcc/4.8.4/x86_64-slc6/bin/../libexec/gcc/x86_64-unknown-linux-gnu/4.8.4/collect2 --eh-frame-hdr -m elf_x86_64 -export-dynamic -dynamic-linker /lib64/ld-linux-x86-64.so.2 -o cmTryCompileExec100037719 /usr/lib/../lib64/crt1.o /usr/lib/../lib64/crti.o /cvmfs/sft.cern.ch/lcg/external/gcc/4.8.4/x86_64-slc6/bin/../lib/gcc/x86_64-unknown-linux-gnu/4.8.4/crtbegin.o -L/cvmfs/sft.cern.ch/lcg/external/gcc/4.8.4/x86_64-slc6/bin/../lib/gcc/x86_64-unknown-linux-gnu/4.8.4 -L/cvmfs/sft.cern.ch/lcg/external/gcc/4.8.4/x86_64-slc6/bin/../lib/gcc -L/cvmfs/sft.cern.ch/lcg/external/gcc/4.8.4/x86_64-slc6/bin/../lib/gcc/x86_64-unknown-linux-gnu/4.8.4/../../../../lib64 -L/lib/../lib64 -L/usr/lib/../lib64 -L/cvmfs/sft.cern.ch/lcg/external/gcc/4.8.4/x86_64-slc6/bin/../lib/gcc/x86_64-unknown-linux-gnu/4.8.4/../../.. CMakeFiles/cmTryCompileExec100037719.dir/CMakeCCompilerABI.c.o -lgcc --as-needed -lgcc_s --no-as-needed -lc -lgcc --as-needed -lgcc_s --no-as-needed /cvmfs/sft.cern.ch/lcg/external/gcc/4.8.4/x86_64-slc6/bin/../lib/gcc/x86_64-unknown-linux-gnu/4.8.4/crtend.o /usr/lib/../lib64/crtn.o
gmake[1]: Leaving directory `/home/msamjad/ilc/marlintest/mymarlin/build/CMakeFiles/CMakeTmp'


Parsed C implicit link information from above output:
  link line regex: [^( *|.*[/\])(ld|([^/\]+-)?ld|collect2)[^/\]*( |$)]
  ignore line: [Change Dir: /home/msamjad/ilc/marlintest/mymarlin/build/CMakeFiles/CMakeTmp]
  ignore line: []
  ignore line: [Run Build Command:"/usr/bin/gmake" "cmTryCompileExec100037719/fast"]
  ignore line: [/usr/bin/gmake -f CMakeFiles/cmTryCompileExec100037719.dir/build.make CMakeFiles/cmTryCompileExec100037719.dir/build]
  ignore line: [gmake[1]: Entering directory `/home/msamjad/ilc/marlintest/mymarlin/build/CMakeFiles/CMakeTmp']
  ignore line: [/home/msamjad/aeudaq/cmake-3.2.2/bin/cmake -E cmake_progress_report /home/msamjad/ilc/marlintest/mymarlin/build/CMakeFiles/CMakeTmp/CMakeFiles 1]
  ignore line: [Building C object CMakeFiles/cmTryCompileExec100037719.dir/CMakeCCompilerABI.c.o]
  ignore line: [/cvmfs/sft.cern.ch/lcg/external/gcc/4.8.4/x86_64-slc6/bin/gcc    -o CMakeFiles/cmTryCompileExec100037719.dir/CMakeCCompilerABI.c.o   -c /home/msamjad/aeudaq/cmake-3.2.2/Modules/CMakeCCompilerABI.c]
  ignore line: [Linking C executable cmTryCompileExec100037719]
  ignore line: [/home/msamjad/aeudaq/cmake-3.2.2/bin/cmake -E cmake_link_script CMakeFiles/cmTryCompileExec100037719.dir/link.txt --verbose=1]
  ignore line: [/cvmfs/sft.cern.ch/lcg/external/gcc/4.8.4/x86_64-slc6/bin/gcc      -v CMakeFiles/cmTryCompileExec100037719.dir/CMakeCCompilerABI.c.o  -o cmTryCompileExec100037719 -rdynamic  ]
  ignore line: [Using built-in specs.]
  ignore line: [COLLECT_GCC=/cvmfs/sft.cern.ch/lcg/external/gcc/4.8.4/x86_64-slc6/bin/gcc]
  ignore line: [COLLECT_LTO_WRAPPER=/cvmfs/sft.cern.ch/lcg/external/gcc/4.8.4/x86_64-slc6/bin/../libexec/gcc/x86_64-unknown-linux-gnu/4.8.4/lto-wrapper]
  ignore line: [Target: x86_64-unknown-linux-gnu]
  ignore line: [Configured with: ../gcc-4.8.4/configure --prefix=/build/pmendez-sftnight/install-484/ --with-system-zlib --disable-multilib --enable-languages=all]
  ignore line: [Thread model: posix]
  ignore line: [gcc version 4.8.4 (GCC) ]
  ignore line: [COMPILER_PATH=/cvmfs/sft.cern.ch/lcg/external/gcc/4.8.4/x86_64-slc6/bin/../libexec/gcc/x86_64-unknown-linux-gnu/4.8.4/:/cvmfs/sft.cern.ch/lcg/external/gcc/4.8.4/x86_64-slc6/bin/../libexec/gcc/:/cvmfs/sft.cern.ch/lcg/external/gcc/4.8.4/x86_64-slc6/lib/gcc/x86_64-unknown-linux-gnu/4.8.4/]
  ignore line: [LIBRARY_PATH=/cvmfs/sft.cern.ch/lcg/external/gcc/4.8.4/x86_64-slc6/bin/../lib/gcc/x86_64-unknown-linux-gnu/4.8.4/:/cvmfs/sft.cern.ch/lcg/external/gcc/4.8.4/x86_64-slc6/bin/../lib/gcc/:/cvmfs/sft.cern.ch/lcg/external/gcc/4.8.4/x86_64-slc6/bin/../lib/gcc/x86_64-unknown-linux-gnu/4.8.4/../../../../lib64/:/lib/../lib64/:/usr/lib/../lib64/:/cvmfs/sft.cern.ch/lcg/external/gcc/4.8.4/x86_64-slc6/bin/../lib/gcc/x86_64-unknown-linux-gnu/4.8.4/../../../:/lib/:/usr/lib/]
  ignore line: [COLLECT_GCC_OPTIONS='-v' '-o' 'cmTryCompileExec100037719' '-rdynamic' '-mtune=generic' '-march=x86-64']
  link line: [ /cvmfs/sft.cern.ch/lcg/external/gcc/4.8.4/x86_64-slc6/bin/../libexec/gcc/x86_64-unknown-linux-gnu/4.8.4/collect2 --eh-frame-hdr -m elf_x86_64 -export-dynamic -dynamic-linker /lib64/ld-linux-x86-64.so.2 -o cmTryCompileExec100037719 /usr/lib/../lib64/crt1.o /usr/lib/../lib64/crti.o /cvmfs/sft.cern.ch/lcg/external/gcc/4.8.4/x86_64-slc6/bin/../lib/gcc/x86_64-unknown-linux-gnu/4.8.4/crtbegin.o -L/cvmfs/sft.cern.ch/lcg/external/gcc/4.8.4/x86_64-slc6/bin/../lib/gcc/x86_64-unknown-linux-gnu/4.8.4 -L/cvmfs/sft.cern.ch/lcg/external/gcc/4.8.4/x86_64-slc6/bin/../lib/gcc -L/cvmfs/sft.cern.ch/lcg/external/gcc/4.8.4/x86_64-slc6/bin/../lib/gcc/x86_64-unknown-linux-gnu/4.8.4/../../../../lib64 -L/lib/../lib64 -L/usr/lib/../lib64 -L/cvmfs/sft.cern.ch/lcg/external/gcc/4.8.4/x86_64-slc6/bin/../lib/gcc/x86_64-unknown-linux-gnu/4.8.4/../../.. CMakeFiles/cmTryCompileExec100037719.dir/CMakeCCompilerABI.c.o -lgcc --as-needed -lgcc_s --no-as-needed -lc -lgcc --as-needed -lgcc_s --no-as-needed /cvmfs/sft.cern.ch/lcg/external/gcc/4.8.4/x86_64-slc6/bin/../lib/gcc/x86_64-unknown-linux-gnu/4.8.4/crtend.o /usr/lib/../lib64/crtn.o]
    arg [/cvmfs/sft.cern.ch/lcg/external/gcc/4.8.4/x86_64-slc6/bin/../libexec/gcc/x86_64-unknown-linux-gnu/4.8.4/collect2] ==> ignore
    arg [--eh-frame-hdr] ==> ignore
    arg [-m] ==> ignore
    arg [elf_x86_64] ==> ignore
    arg [-export-dynamic] ==> ignore
    arg [-dynamic-linker] ==> ignore
    arg [/lib64/ld-linux-x86-64.so.2] ==> ignore
    arg [-o] ==> ignore
    arg [cmTryCompileExec100037719] ==> ignore
    arg [/usr/lib/../lib64/crt1.o] ==> ignore
    arg [/usr/lib/../lib64/crti.o] ==> ignore
    arg [/cvmfs/sft.cern.ch/lcg/external/gcc/4.8.4/x86_64-slc6/bin/../lib/gcc/x86_64-unknown-linux-gnu/4.8.4/crtbegin.o] ==> ignore
    arg [-L/cvmfs/sft.cern.ch/lcg/external/gcc/4.8.4/x86_64-slc6/bin/../lib/gcc/x86_64-unknown-linux-gnu/4.8.4] ==> dir [/cvmfs/sft.cern.ch/lcg/external/gcc/4.8.4/x86_64-slc6/bin/../lib/gcc/x86_64-unknown-linux-gnu/4.8.4]
    arg [-L/cvmfs/sft.cern.ch/lcg/external/gcc/4.8.4/x86_64-slc6/bin/../lib/gcc] ==> dir [/cvmfs/sft.cern.ch/lcg/external/gcc/4.8.4/x86_64-slc6/bin/../lib/gcc]
    arg [-L/cvmfs/sft.cern.ch/lcg/external/gcc/4.8.4/x86_64-slc6/bin/../lib/gcc/x86_64-unknown-linux-gnu/4.8.4/../../../../lib64] ==> dir [/cvmfs/sft.cern.ch/lcg/external/gcc/4.8.4/x86_64-slc6/bin/../lib/gcc/x86_64-unknown-linux-gnu/4.8.4/../../../../lib64]
    arg [-L/lib/../lib64] ==> dir [/lib/../lib64]
    arg [-L/usr/lib/../lib64] ==> dir [/usr/lib/../lib64]
    arg [-L/cvmfs/sft.cern.ch/lcg/external/gcc/4.8.4/x86_64-slc6/bin/../lib/gcc/x86_64-unknown-linux-gnu/4.8.4/../../..] ==> dir [/cvmfs/sft.cern.ch/lcg/external/gcc/4.8.4/x86_64-slc6/bin/../lib/gcc/x86_64-unknown-linux-gnu/4.8.4/../../..]
    arg [CMakeFiles/cmTryCompileExec100037719.dir/CMakeCCompilerABI.c.o] ==> ignore
    arg [-lgcc] ==> lib [gcc]
    arg [--as-needed] ==> ignore
    arg [-lgcc_s] ==> lib [gcc_s]
    arg [--no-as-needed] ==> ignore
    arg [-lc] ==> lib [c]
    arg [-lgcc] ==> lib [gcc]
    arg [--as-needed] ==> ignore
    arg [-lgcc_s] ==> lib [gcc_s]
    arg [--no-as-needed] ==> ignore
    arg [/cvmfs/sft.cern.ch/lcg/external/gcc/4.8.4/x86_64-slc6/bin/../lib/gcc/x86_64-unknown-linux-gnu/4.8.4/crtend.o] ==> ignore
    arg [/usr/lib/../lib64/crtn.o] ==> ignore
  remove lib [gcc]
  remove lib [gcc_s]
  remove lib [gcc]
  remove lib [gcc_s]
  collapse library dir [/cvmfs/sft.cern.ch/lcg/external/gcc/4.8.4/x86_64-slc6/bin/../lib/gcc/x86_64-unknown-linux-gnu/4.8.4] ==> [/cvmfs/sft.cern.ch/lcg/external/gcc/4.8.4/x86_64-slc6/lib/gcc/x86_64-unknown-linux-gnu/4.8.4]
  collapse library dir [/cvmfs/sft.cern.ch/lcg/external/gcc/4.8.4/x86_64-slc6/bin/../lib/gcc] ==> [/cvmfs/sft.cern.ch/lcg/external/gcc/4.8.4/x86_64-slc6/lib/gcc]
  collapse library dir [/cvmfs/sft.cern.ch/lcg/external/gcc/4.8.4/x86_64-slc6/bin/../lib/gcc/x86_64-unknown-linux-gnu/4.8.4/../../../../lib64] ==> [/cvmfs/sft.cern.ch/lcg/external/gcc/4.8.4/x86_64-slc6/lib64]
  collapse library dir [/lib/../lib64] ==> [/lib64]
  collapse library dir [/usr/lib/../lib64] ==> [/usr/lib64]
  collapse library dir [/cvmfs/sft.cern.ch/lcg/external/gcc/4.8.4/x86_64-slc6/bin/../lib/gcc/x86_64-unknown-linux-gnu/4.8.4/../../..] ==> [/cvmfs/sft.cern.ch/lcg/external/gcc/4.8.4/x86_64-slc6/lib]
  implicit libs: [c]
  implicit dirs: [/cvmfs/sft.cern.ch/lcg/external/gcc/4.8.4/x86_64-slc6/lib/gcc/x86_64-unknown-linux-gnu/4.8.4;/cvmfs/sft.cern.ch/lcg/external/gcc/4.8.4/x86_64-slc6/lib/gcc;/cvmfs/sft.cern.ch/lcg/external/gcc/4.8.4/x86_64-slc6/lib64;/lib64;/usr/lib64;/cvmfs/sft.cern.ch/lcg/external/gcc/4.8.4/x86_64-slc6/lib]
  implicit fwks: []




Detecting C [-std=c11] compiler features compiled with the following output:
Change Dir: /home/msamjad/ilc/marlintest/mymarlin/build/CMakeFiles/CMakeTmp

Run Build Command:"/usr/bin/gmake" "cmTryCompileExec3799523157/fast"
/usr/bin/gmake -f CMakeFiles/cmTryCompileExec3799523157.dir/build.make CMakeFiles/cmTryCompileExec3799523157.dir/build
gmake[1]: Entering directory `/home/msamjad/ilc/marlintest/mymarlin/build/CMakeFiles/CMakeTmp'
/home/msamjad/aeudaq/cmake-3.2.2/bin/cmake -E cmake_progress_report /home/msamjad/ilc/marlintest/mymarlin/build/CMakeFiles/CMakeTmp/CMakeFiles 1
Building C object CMakeFiles/cmTryCompileExec3799523157.dir/feature_tests.c.o
/cvmfs/sft.cern.ch/lcg/external/gcc/4.8.4/x86_64-slc6/bin/gcc   -std=c11 -o CMakeFiles/cmTryCompileExec3799523157.dir/feature_tests.c.o   -c /home/msamjad/ilc/marlintest/mymarlin/build/CMakeFiles/feature_tests.c
Linking C executable cmTryCompileExec3799523157
/home/msamjad/aeudaq/cmake-3.2.2/bin/cmake -E cmake_link_script CMakeFiles/cmTryCompileExec3799523157.dir/link.txt --verbose=1
/cvmfs/sft.cern.ch/lcg/external/gcc/4.8.4/x86_64-slc6/bin/gcc       CMakeFiles/cmTryCompileExec3799523157.dir/feature_tests.c.o  -o cmTryCompileExec3799523157 -rdynamic 
gmake[1]: Leaving directory `/home/msamjad/ilc/marlintest/mymarlin/build/CMakeFiles/CMakeTmp'


    Feature record: C_FEATURE:1c_function_prototypes
    Feature record: C_FEATURE:1c_restrict
    Feature record: C_FEATURE:1c_static_assert
    Feature record: C_FEATURE:1c_variadic_macros


Detecting C [-std=c99] compiler features compiled with the following output:
Change Dir: /home/msamjad/ilc/marlintest/mymarlin/build/CMakeFiles/CMakeTmp

Run Build Command:"/usr/bin/gmake" "cmTryCompileExec1534074841/fast"
/usr/bin/gmake -f CMakeFiles/cmTryCompileExec1534074841.dir/build.make CMakeFiles/cmTryCompileExec1534074841.dir/build
gmake[1]: Entering directory `/home/msamjad/ilc/marlintest/mymarlin/build/CMakeFiles/CMakeTmp'
/home/msamjad/aeudaq/cmake-3.2.2/bin/cmake -E cmake_progress_report /home/msamjad/ilc/marlintest/mymarlin/build/CMakeFiles/CMakeTmp/CMakeFiles 1
Building C object CMakeFiles/cmTryCompileExec1534074841.dir/feature_tests.c.o
/cvmfs/sft.cern.ch/lcg/external/gcc/4.8.4/x86_64-slc6/bin/gcc   -std=c99 -o CMakeFiles/cmTryCompileExec1534074841.dir/feature_tests.c.o   -c /home/msamjad/ilc/marlintest/mymarlin/build/CMakeFiles/feature_tests.c
Linking C executable cmTryCompileExec1534074841
/home/msamjad/aeudaq/cmake-3.2.2/bin/cmake -E cmake_link_script CMakeFiles/cmTryCompileExec1534074841.dir/link.txt --verbose=1
/cvmfs/sft.cern.ch/lcg/external/gcc/4.8.4/x86_64-slc6/bin/gcc       CMakeFiles/cmTryCompileExec1534074841.dir/feature_tests.c.o  -o cmTryCompileExec1534074841 -rdynamic 
gmake[1]: Leaving directory `/home/msamjad/ilc/marlintest/mymarlin/build/CMakeFiles/CMakeTmp'


    Feature record: C_FEATURE:1c_function_prototypes
    Feature record: C_FEATURE:1c_restrict
    Feature record: C_FEATURE:0c_static_assert
    Feature record: C_FEATURE:1c_variadic_macros


Detecting C [-std=c90] compiler features compiled with the following output:
Change Dir: /home/msamjad/ilc/marlintest/mymarlin/build/CMakeFiles/CMakeTmp

Run Build Command:"/usr/bin/gmake" "cmTryCompileExec3898371007/fast"
/usr/bin/gmake -f CMakeFiles/cmTryCompileExec3898371007.dir/build.make CMakeFiles/cmTryCompileExec3898371007.dir/build
gmake[1]: Entering directory `/home/msamjad/ilc/marlintest/mymarlin/build/CMakeFiles/CMakeTmp'
/home/msamjad/aeudaq/cmake-3.2.2/bin/cmake -E cmake_progress_report /home/msamjad/ilc/marlintest/mymarlin/build/CMakeFiles/CMakeTmp/CMakeFiles 1
Building C object CMakeFiles/cmTryCompileExec3898371007.dir/feature_tests.c.o
/cvmfs/sft.cern.ch/lcg/external/gcc/4.8.4/x86_64-slc6/bin/gcc   -std=c90 -o CMakeFiles/cmTryCompileExec3898371007.dir/feature_tests.c.o   -c /home/msamjad/ilc/marlintest/mymarlin/build/CMakeFiles/feature_tests.c
Linking C executable cmTryCompileExec3898371007
/home/msamjad/aeudaq/cmake-3.2.2/bin/cmake -E cmake_link_script CMakeFiles/cmTryCompileExec3898371007.dir/link.txt --verbose=1
/cvmfs/sft.cern.ch/lcg/external/gcc/4.8.4/x86_64-slc6/bin/gcc       CMakeFiles/cmTryCompileExec3898371007.dir/feature_tests.c.o  -o cmTryCompileExec3898371007 -rdynamic 
gmake[1]: Leaving directory `/home/msamjad/ilc/marlintest/mymarlin/build/CMakeFiles/CMakeTmp'


    Feature record: C_FEATURE:1c_function_prototypes
    Feature record: C_FEATURE:0c_restrict
    Feature record: C_FEATURE:0c_static_assert
    Feature record: C_FEATURE:0c_variadic_macros
Determining if the CXX compiler works passed with the following output:
Change Dir: /home/msamjad/ilc/marlintest/mymarlin/build/CMakeFiles/CMakeTmp

Run Build Command:"/usr/bin/gmake" "cmTryCompileExec1799393340/fast"
/usr/bin/gmake -f CMakeFiles/cmTryCompileExec1799393340.dir/build.make CMakeFiles/cmTryCompileExec1799393340.dir/build
gmake[1]: Entering directory `/home/msamjad/ilc/marlintest/mymarlin/build/CMakeFiles/CMakeTmp'
/home/msamjad/aeudaq/cmake-3.2.2/bin/cmake -E cmake_progress_report /home/msamjad/ilc/marlintest/mymarlin/build/CMakeFiles/CMakeTmp/CMakeFiles 1
Building CXX object CMakeFiles/cmTryCompileExec1799393340.dir/testCXXCompiler.cxx.o
/cvmfs/sft.cern.ch/lcg/external/gcc/4.8.4/x86_64-slc6/bin/g++     -o CMakeFiles/cmTryCompileExec1799393340.dir/testCXXCompiler.cxx.o -c /home/msamjad/ilc/marlintest/mymarlin/build/CMakeFiles/CMakeTmp/testCXXCompiler.cxx
Linking CXX executable cmTryCompileExec1799393340
/home/msamjad/aeudaq/cmake-3.2.2/bin/cmake -E cmake_link_script CMakeFiles/cmTryCompileExec1799393340.dir/link.txt --verbose=1
/cvmfs/sft.cern.ch/lcg/external/gcc/4.8.4/x86_64-slc6/bin/g++        CMakeFiles/cmTryCompileExec1799393340.dir/testCXXCompiler.cxx.o  -o cmTryCompileExec1799393340 -rdynamic 
gmake[1]: Leaving directory `/home/msamjad/ilc/marlintest/mymarlin/build/CMakeFiles/CMakeTmp'


Detecting CXX compiler ABI info compiled with the following output:
Change Dir: /home/msamjad/ilc/marlintest/mymarlin/build/CMakeFiles/CMakeTmp

Run Build Command:"/usr/bin/gmake" "cmTryCompileExec4194039619/fast"
/usr/bin/gmake -f CMakeFiles/cmTryCompileExec4194039619.dir/build.make CMakeFiles/cmTryCompileExec4194039619.dir/build
gmake[1]: Entering directory `/home/msamjad/ilc/marlintest/mymarlin/build/CMakeFiles/CMakeTmp'
/home/msamjad/aeudaq/cmake-3.2.2/bin/cmake -E cmake_progress_report /home/msamjad/ilc/marlintest/mymarlin/build/CMakeFiles/CMakeTmp/CMakeFiles 1
Building CXX object CMakeFiles/cmTryCompileExec4194039619.dir/CMakeCXXCompilerABI.cpp.o
/cvmfs/sft.cern.ch/lcg/external/gcc/4.8.4/x86_64-slc6/bin/g++     -o CMakeFiles/cmTryCompileExec4194039619.dir/CMakeCXXCompilerABI.cpp.o -c /home/msamjad/aeudaq/cmake-3.2.2/Modules/CMakeCXXCompilerABI.cpp
Linking CXX executable cmTryCompileExec4194039619
/home/msamjad/aeudaq/cmake-3.2.2/bin/cmake -E cmake_link_script CMakeFiles/cmTryCompileExec4194039619.dir/link.txt --verbose=1
/cvmfs/sft.cern.ch/lcg/external/gcc/4.8.4/x86_64-slc6/bin/g++       -v CMakeFiles/cmTryCompileExec4194039619.dir/CMakeCXXCompilerABI.cpp.o  -o cmTryCompileExec4194039619 -rdynamic  
Using built-in specs.
COLLECT_GCC=/cvmfs/sft.cern.ch/lcg/external/gcc/4.8.4/x86_64-slc6/bin/g++
COLLECT_LTO_WRAPPER=/cvmfs/sft.cern.ch/lcg/external/gcc/4.8.4/x86_64-slc6/bin/../libexec/gcc/x86_64-unknown-linux-gnu/4.8.4/lto-wrapper
Target: x86_64-unknown-linux-gnu
Configured with: ../gcc-4.8.4/configure --prefix=/build/pmendez-sftnight/install-484/ --with-system-zlib --disable-multilib --enable-languages=all
Thread model: posix
gcc version 4.8.4 (GCC) 
COMPILER_PATH=/cvmfs/sft.cern.ch/lcg/external/gcc/4.8.4/x86_64-slc6/bin/../libexec/gcc/x86_64-unknown-linux-gnu/4.8.4/:/cvmfs/sft.cern.ch/lcg/external/gcc/4.8.4/x86_64-slc6/bin/../libexec/gcc/:/cvmfs/sft.cern.ch/lcg/external/gcc/4.8.4/x86_64-slc6/lib/gcc/x86_64-unknown-linux-gnu/4.8.4/
LIBRARY_PATH=/cvmfs/sft.cern.ch/lcg/external/gcc/4.8.4/x86_64-slc6/bin/../lib/gcc/x86_64-unknown-linux-gnu/4.8.4/:/cvmfs/sft.cern.ch/lcg/external/gcc/4.8.4/x86_64-slc6/bin/../lib/gcc/:/cvmfs/sft.cern.ch/lcg/external/gcc/4.8.4/x86_64-slc6/bin/../lib/gcc/x86_64-unknown-linux-gnu/4.8.4/../../../../lib64/:/lib/../lib64/:/usr/lib/../lib64/:/cvmfs/sft.cern.ch/lcg/external/gcc/4.8.4/x86_64-slc6/bin/../lib/gcc/x86_64-unknown-linux-gnu/4.8.4/../../../:/lib/:/usr/lib/
COLLECT_GCC_OPTIONS='-v' '-o' 'cmTryCompileExec4194039619' '-rdynamic' '-shared-libgcc' '-mtune=generic' '-march=x86-64'
 /cvmfs/sft.cern.ch/lcg/external/gcc/4.8.4/x86_64-slc6/bin/../libexec/gcc/x86_64-unknown-linux-gnu/4.8.4/collect2 --eh-frame-hdr -m elf_x86_64 -export-dynamic -dynamic-linker /lib64/ld-linux-x86-64.so.2 -o cmTryCompileExec4194039619 /usr/lib/../lib64/crt1.o /usr/lib/../lib64/crti.o /cvmfs/sft.cern.ch/lcg/external/gcc/4.8.4/x86_64-slc6/bin/../lib/gcc/x86_64-unknown-linux-gnu/4.8.4/crtbegin.o -L/cvmfs/sft.cern.ch/lcg/external/gcc/4.8.4/x86_64-slc6/bin/../lib/gcc/x86_64-unknown-linux-gnu/4.8.4 -L/cvmfs/sft.cern.ch/lcg/external/gcc/4.8.4/x86_64-slc6/bin/../lib/gcc -L/cvmfs/sft.cern.ch/lcg/external/gcc/4.8.4/x86_64-slc6/bin/../lib/gcc/x86_64-unknown-linux-gnu/4.8.4/../../../../lib64 -L/lib/../lib64 -L/usr/lib/../lib64 -L/cvmfs/sft.cern.ch/lcg/external/gcc/4.8.4/x86_64-slc6/bin/../lib/gcc/x86_64-unknown-linux-gnu/4.8.4/../../.. CMakeFiles/cmTryCompileExec4194039619.dir/CMakeCXXCompilerABI.cpp.o -lstdc++ -lm -lgcc_s -lgcc -lc -lgcc_s -lgcc /cvmfs/sft.cern.ch/lcg/external/gcc/4.8.4/x86_64-slc6/bin/../lib/gcc/x86_64-unknown-linux-gnu/4.8.4/crtend.o /usr/lib/../lib64/crtn.o
gmake[1]: Leaving directory `/home/msamjad/ilc/marlintest/mymarlin/build/CMakeFiles/CMakeTmp'


Parsed CXX implicit link information from above output:
  link line regex: [^( *|.*[/\])(ld|([^/\]+-)?ld|collect2)[^/\]*( |$)]
  ignore line: [Change Dir: /home/msamjad/ilc/marlintest/mymarlin/build/CMakeFiles/CMakeTmp]
  ignore line: []
  ignore line: [Run Build Command:"/usr/bin/gmake" "cmTryCompileExec4194039619/fast"]
  ignore line: [/usr/bin/gmake -f CMakeFiles/cmTryCompileExec4194039619.dir/build.make CMakeFiles/cmTryCompileExec4194039619.dir/build]
  ignore line: [gmake[1]: Entering directory `/home/msamjad/ilc/marlintest/mymarlin/build/CMakeFiles/CMakeTmp']
  ignore line: [/home/msamjad/aeudaq/cmake-3.2.2/bin/cmake -E cmake_progress_report /home/msamjad/ilc/marlintest/mymarlin/build/CMakeFiles/CMakeTmp/CMakeFiles 1]
  ignore line: [Building CXX object CMakeFiles/cmTryCompileExec4194039619.dir/CMakeCXXCompilerABI.cpp.o]
  ignore line: [/cvmfs/sft.cern.ch/lcg/external/gcc/4.8.4/x86_64-slc6/bin/g++     -o CMakeFiles/cmTryCompileExec4194039619.dir/CMakeCXXCompilerABI.cpp.o -c /home/msamjad/aeudaq/cmake-3.2.2/Modules/CMakeCXXCompilerABI.cpp]
  ignore line: [Linking CXX executable cmTryCompileExec4194039619]
  ignore line: [/home/msamjad/aeudaq/cmake-3.2.2/bin/cmake -E cmake_link_script CMakeFiles/cmTryCompileExec4194039619.dir/link.txt --verbose=1]
  ignore line: [/cvmfs/sft.cern.ch/lcg/external/gcc/4.8.4/x86_64-slc6/bin/g++       -v CMakeFiles/cmTryCompileExec4194039619.dir/CMakeCXXCompilerABI.cpp.o  -o cmTryCompileExec4194039619 -rdynamic  ]
  ignore line: [Using built-in specs.]
  ignore line: [COLLECT_GCC=/cvmfs/sft.cern.ch/lcg/external/gcc/4.8.4/x86_64-slc6/bin/g++]
  ignore line: [COLLECT_LTO_WRAPPER=/cvmfs/sft.cern.ch/lcg/external/gcc/4.8.4/x86_64-slc6/bin/../libexec/gcc/x86_64-unknown-linux-gnu/4.8.4/lto-wrapper]
  ignore line: [Target: x86_64-unknown-linux-gnu]
  ignore line: [Configured with: ../gcc-4.8.4/configure --prefix=/build/pmendez-sftnight/install-484/ --with-system-zlib --disable-multilib --enable-languages=all]
  ignore line: [Thread model: posix]
  ignore line: [gcc version 4.8.4 (GCC) ]
  ignore line: [COMPILER_PATH=/cvmfs/sft.cern.ch/lcg/external/gcc/4.8.4/x86_64-slc6/bin/../libexec/gcc/x86_64-unknown-linux-gnu/4.8.4/:/cvmfs/sft.cern.ch/lcg/external/gcc/4.8.4/x86_64-slc6/bin/../libexec/gcc/:/cvmfs/sft.cern.ch/lcg/external/gcc/4.8.4/x86_64-slc6/lib/gcc/x86_64-unknown-linux-gnu/4.8.4/]
  ignore line: [LIBRARY_PATH=/cvmfs/sft.cern.ch/lcg/external/gcc/4.8.4/x86_64-slc6/bin/../lib/gcc/x86_64-unknown-linux-gnu/4.8.4/:/cvmfs/sft.cern.ch/lcg/external/gcc/4.8.4/x86_64-slc6/bin/../lib/gcc/:/cvmfs/sft.cern.ch/lcg/external/gcc/4.8.4/x86_64-slc6/bin/../lib/gcc/x86_64-unknown-linux-gnu/4.8.4/../../../../lib64/:/lib/../lib64/:/usr/lib/../lib64/:/cvmfs/sft.cern.ch/lcg/external/gcc/4.8.4/x86_64-slc6/bin/../lib/gcc/x86_64-unknown-linux-gnu/4.8.4/../../../:/lib/:/usr/lib/]
  ignore line: [COLLECT_GCC_OPTIONS='-v' '-o' 'cmTryCompileExec4194039619' '-rdynamic' '-shared-libgcc' '-mtune=generic' '-march=x86-64']
  link line: [ /cvmfs/sft.cern.ch/lcg/external/gcc/4.8.4/x86_64-slc6/bin/../libexec/gcc/x86_64-unknown-linux-gnu/4.8.4/collect2 --eh-frame-hdr -m elf_x86_64 -export-dynamic -dynamic-linker /lib64/ld-linux-x86-64.so.2 -o cmTryCompileExec4194039619 /usr/lib/../lib64/crt1.o /usr/lib/../lib64/crti.o /cvmfs/sft.cern.ch/lcg/external/gcc/4.8.4/x86_64-slc6/bin/../lib/gcc/x86_64-unknown-linux-gnu/4.8.4/crtbegin.o -L/cvmfs/sft.cern.ch/lcg/external/gcc/4.8.4/x86_64-slc6/bin/../lib/gcc/x86_64-unknown-linux-gnu/4.8.4 -L/cvmfs/sft.cern.ch/lcg/external/gcc/4.8.4/x86_64-slc6/bin/../lib/gcc -L/cvmfs/sft.cern.ch/lcg/external/gcc/4.8.4/x86_64-slc6/bin/../lib/gcc/x86_64-unknown-linux-gnu/4.8.4/../../../../lib64 -L/lib/../lib64 -L/usr/lib/../lib64 -L/cvmfs/sft.cern.ch/lcg/external/gcc/4.8.4/x86_64-slc6/bin/../lib/gcc/x86_64-unknown-linux-gnu/4.8.4/../../.. CMakeFiles/cmTryCompileExec4194039619.dir/CMakeCXXCompilerABI.cpp.o -lstdc++ -lm -lgcc_s -lgcc -lc -lgcc_s -lgcc /cvmfs/sft.cern.ch/lcg/external/gcc/4.8.4/x86_64-slc6/bin/../lib/gcc/x86_64-unknown-linux-gnu/4.8.4/crtend.o /usr/lib/../lib64/crtn.o]
    arg [/cvmfs/sft.cern.ch/lcg/external/gcc/4.8.4/x86_64-slc6/bin/../libexec/gcc/x86_64-unknown-linux-gnu/4.8.4/collect2] ==> ignore
    arg [--eh-frame-hdr] ==> ignore
    arg [-m] ==> ignore
    arg [elf_x86_64] ==> ignore
    arg [-export-dynamic] ==> ignore
    arg [-dynamic-linker] ==> ignore
    arg [/lib64/ld-linux-x86-64.so.2] ==> ignore
    arg [-o] ==> ignore
    arg [cmTryCompileExec4194039619] ==> ignore
    arg [/usr/lib/../lib64/crt1.o] ==> ignore
    arg [/usr/lib/../lib64/crti.o] ==> ignore
    arg [/cvmfs/sft.cern.ch/lcg/external/gcc/4.8.4/x86_64-slc6/bin/../lib/gcc/x86_64-unknown-linux-gnu/4.8.4/crtbegin.o] ==> ignore
    arg [-L/cvmfs/sft.cern.ch/lcg/external/gcc/4.8.4/x86_64-slc6/bin/../lib/gcc/x86_64-unknown-linux-gnu/4.8.4] ==> dir [/cvmfs/sft.cern.ch/lcg/external/gcc/4.8.4/x86_64-slc6/bin/../lib/gcc/x86_64-unknown-linux-gnu/4.8.4]
    arg [-L/cvmfs/sft.cern.ch/lcg/external/gcc/4.8.4/x86_64-slc6/bin/../lib/gcc] ==> dir [/cvmfs/sft.cern.ch/lcg/external/gcc/4.8.4/x86_64-slc6/bin/../lib/gcc]
    arg [-L/cvmfs/sft.cern.ch/lcg/external/gcc/4.8.4/x86_64-slc6/bin/../lib/gcc/x86_64-unknown-linux-gnu/4.8.4/../../../../lib64] ==> dir [/cvmfs/sft.cern.ch/lcg/external/gcc/4.8.4/x86_64-slc6/bin/../lib/gcc/x86_64-unknown-linux-gnu/4.8.4/../../../../lib64]
    arg [-L/lib/../lib64] ==> dir [/lib/../lib64]
    arg [-L/usr/lib/../lib64] ==> dir [/usr/lib/../lib64]
    arg [-L/cvmfs/sft.cern.ch/lcg/external/gcc/4.8.4/x86_64-slc6/bin/../lib/gcc/x86_64-unknown-linux-gnu/4.8.4/../../..] ==> dir [/cvmfs/sft.cern.ch/lcg/external/gcc/4.8.4/x86_64-slc6/bin/../lib/gcc/x86_64-unknown-linux-gnu/4.8.4/../../..]
    arg [CMakeFiles/cmTryCompileExec4194039619.dir/CMakeCXXCompilerABI.cpp.o] ==> ignore
    arg [-lstdc++] ==> lib [stdc++]
    arg [-lm] ==> lib [m]
    arg [-lgcc_s] ==> lib [gcc_s]
    arg [-lgcc] ==> lib [gcc]
    arg [-lc] ==> lib [c]
    arg [-lgcc_s] ==> lib [gcc_s]
    arg [-lgcc] ==> lib [gcc]
    arg [/cvmfs/sft.cern.ch/lcg/external/gcc/4.8.4/x86_64-slc6/bin/../lib/gcc/x86_64-unknown-linux-gnu/4.8.4/crtend.o] ==> ignore
    arg [/usr/lib/../lib64/crtn.o] ==> ignore
  remove lib [gcc_s]
  remove lib [gcc]
  remove lib [gcc_s]
  remove lib [gcc]
  collapse library dir [/cvmfs/sft.cern.ch/lcg/external/gcc/4.8.4/x86_64-slc6/bin/../lib/gcc/x86_64-unknown-linux-gnu/4.8.4] ==> [/cvmfs/sft.cern.ch/lcg/external/gcc/4.8.4/x86_64-slc6/lib/gcc/x86_64-unknown-linux-gnu/4.8.4]
  collapse library dir [/cvmfs/sft.cern.ch/lcg/external/gcc/4.8.4/x86_64-slc6/bin/../lib/gcc] ==> [/cvmfs/sft.cern.ch/lcg/external/gcc/4.8.4/x86_64-slc6/lib/gcc]
  collapse library dir [/cvmfs/sft.cern.ch/lcg/external/gcc/4.8.4/x86_64-slc6/bin/../lib/gcc/x86_64-unknown-linux-gnu/4.8.4/../../../../lib64] ==> [/cvmfs/sft.cern.ch/lcg/external/gcc/4.8.4/x86_64-slc6/lib64]
  collapse library dir [/lib/../lib64] ==> [/lib64]
  collapse library dir [/usr/lib/../lib64] ==> [/usr/lib64]
  collapse library dir [/cvmfs/sft.cern.ch/lcg/external/gcc/4.8.4/x86_64-slc6/bin/../lib/gcc/x86_64-unknown-linux-gnu/4.8.4/../../..] ==> [/cvmfs/sft.cern.ch/lcg/external/gcc/4.8.4/x86_64-slc6/lib]
  implicit libs: [stdc++;m;c]
  implicit dirs: [/cvmfs/sft.cern.ch/lcg/external/gcc/4.8.4/x86_64-slc6/lib/gcc/x86_64-unknown-linux-gnu/4.8.4;/cvmfs/sft.cern.ch/lcg/external/gcc/4.8.4/x86_64-slc6/lib/gcc;/cvmfs/sft.cern.ch/lcg/external/gcc/4.8.4/x86_64-slc6/lib64;/lib64;/usr/lib64;/cvmfs/sft.cern.ch/lcg/external/gcc/4.8.4/x86_64-slc6/lib]
  implicit fwks: []




Detecting CXX [-std=c++1y] compiler features compiled with the following output:
Change Dir: /home/msamjad/ilc/marlintest/mymarlin/build/CMakeFiles/CMakeTmp

Run Build Command:"/usr/bin/gmake" "cmTryCompileExec3250390598/fast"
/usr/bin/gmake -f CMakeFiles/cmTryCompileExec3250390598.dir/build.make CMakeFiles/cmTryCompileExec3250390598.dir/build
gmake[1]: Entering directory `/home/msamjad/ilc/marlintest/mymarlin/build/CMakeFiles/CMakeTmp'
/home/msamjad/aeudaq/cmake-3.2.2/bin/cmake -E cmake_progress_report /home/msamjad/ilc/marlintest/mymarlin/build/CMakeFiles/CMakeTmp/CMakeFiles 1
Building CXX object CMakeFiles/cmTryCompileExec3250390598.dir/feature_tests.cxx.o
/cvmfs/sft.cern.ch/lcg/external/gcc/4.8.4/x86_64-slc6/bin/g++    -std=c++1y -o CMakeFiles/cmTryCompileExec3250390598.dir/feature_tests.cxx.o -c /home/msamjad/ilc/marlintest/mymarlin/build/CMakeFiles/feature_tests.cxx
Linking CXX executable cmTryCompileExec3250390598
/home/msamjad/aeudaq/cmake-3.2.2/bin/cmake -E cmake_link_script CMakeFiles/cmTryCompileExec3250390598.dir/link.txt --verbose=1
/cvmfs/sft.cern.ch/lcg/external/gcc/4.8.4/x86_64-slc6/bin/g++        CMakeFiles/cmTryCompileExec3250390598.dir/feature_tests.cxx.o  -o cmTryCompileExec3250390598 -rdynamic 
gmake[1]: Leaving directory `/home/msamjad/ilc/marlintest/mymarlin/build/CMakeFiles/CMakeTmp'


    Feature record: CXX_FEATURE:0cxx_aggregate_default_initializers
    Feature record: CXX_FEATURE:1cxx_alias_templates
    Feature record: CXX_FEATURE:1cxx_alignas
    Feature record: CXX_FEATURE:1cxx_alignof
    Feature record: CXX_FEATURE:1cxx_attributes
    Feature record: CXX_FEATURE:0cxx_attribute_deprecated
    Feature record: CXX_FEATURE:1cxx_auto_type
    Feature record: CXX_FEATURE:0cxx_binary_literals
    Feature record: CXX_FEATURE:1cxx_constexpr
    Feature record: CXX_FEATURE:0cxx_contextual_conversions
    Feature record: CXX_FEATURE:1cxx_decltype
    Feature record: CXX_FEATURE:0cxx_decltype_auto
    Feature record: CXX_FEATURE:1cxx_decltype_incomplete_return_types
    Feature record: CXX_FEATURE:1cxx_default_function_template_args
    Feature record: CXX_FEATURE:1cxx_defaulted_functions
    Feature record: CXX_FEATURE:1cxx_defaulted_move_initializers
    Feature record: CXX_FEATURE:1cxx_delegating_constructors
    Feature record: CXX_FEATURE:1cxx_deleted_functions
    Feature record: CXX_FEATURE:0cxx_digit_separators
    Feature record: CXX_FEATURE:1cxx_enum_forward_declarations
    Feature record: CXX_FEATURE:1cxx_explicit_conversions
    Feature record: CXX_FEATURE:1cxx_extended_friend_declarations
    Feature record: CXX_FEATURE:1cxx_extern_templates
    Feature record: CXX_FEATURE:1cxx_final
    Feature record: CXX_FEATURE:1cxx_func_identifier
    Feature record: CXX_FEATURE:1cxx_generalized_initializers
    Feature record: CXX_FEATURE:0cxx_generic_lambdas
    Feature record: CXX_FEATURE:1cxx_inheriting_constructors
    Feature record: CXX_FEATURE:1cxx_inline_namespaces
    Feature record: CXX_FEATURE:1cxx_lambdas
    Feature record: CXX_FEATURE:0cxx_lambda_init_captures
    Feature record: CXX_FEATURE:1cxx_local_type_template_args
    Feature record: CXX_FEATURE:1cxx_long_long_type
    Feature record: CXX_FEATURE:1cxx_noexcept
    Feature record: CXX_FEATURE:1cxx_nonstatic_member_init
    Feature record: CXX_FEATURE:1cxx_nullptr
    Feature record: CXX_FEATURE:1cxx_override
    Feature record: CXX_FEATURE:1cxx_range_for
    Feature record: CXX_FEATURE:1cxx_raw_string_literals
    Feature record: CXX_FEATURE:1cxx_reference_qualified_functions
    Feature record: CXX_FEATURE:0cxx_relaxed_constexpr
    Feature record: CXX_FEATURE:0cxx_return_type_deduction
    Feature record: CXX_FEATURE:1cxx_right_angle_brackets
    Feature record: CXX_FEATURE:1cxx_rvalue_references
    Feature record: CXX_FEATURE:1cxx_sizeof_member
    Feature record: CXX_FEATURE:1cxx_static_assert
    Feature record: CXX_FEATURE:1cxx_strong_enums
    Feature record: CXX_FEATURE:1cxx_template_template_parameters
    Feature record: CXX_FEATURE:1cxx_thread_local
    Feature record: CXX_FEATURE:1cxx_trailing_return_types
    Feature record: CXX_FEATURE:1cxx_unicode_literals
    Feature record: CXX_FEATURE:1cxx_uniform_initialization
    Feature record: CXX_FEATURE:1cxx_unrestricted_unions
    Feature record: CXX_FEATURE:1cxx_user_literals
    Feature record: CXX_FEATURE:0cxx_variable_templates
    Feature record: CXX_FEATURE:1cxx_variadic_macros
    Feature record: CXX_FEATURE:1cxx_variadic_templates


Detecting CXX [-std=c++11] compiler features compiled with the following output:
Change Dir: /home/msamjad/ilc/marlintest/mymarlin/build/CMakeFiles/CMakeTmp

Run Build Command:"/usr/bin/gmake" "cmTryCompileExec2347771698/fast"
/usr/bin/gmake -f CMakeFiles/cmTryCompileExec2347771698.dir/build.make CMakeFiles/cmTryCompileExec2347771698.dir/build
gmake[1]: Entering directory `/home/msamjad/ilc/marlintest/mymarlin/build/CMakeFiles/CMakeTmp'
/home/msamjad/aeudaq/cmake-3.2.2/bin/cmake -E cmake_progress_report /home/msamjad/ilc/marlintest/mymarlin/build/CMakeFiles/CMakeTmp/CMakeFiles 1
Building CXX object CMakeFiles/cmTryCompileExec2347771698.dir/feature_tests.cxx.o
/cvmfs/sft.cern.ch/lcg/external/gcc/4.8.4/x86_64-slc6/bin/g++    -std=c++11 -o CMakeFiles/cmTryCompileExec2347771698.dir/feature_tests.cxx.o -c /home/msamjad/ilc/marlintest/mymarlin/build/CMakeFiles/feature_tests.cxx
Linking CXX executable cmTryCompileExec2347771698
/home/msamjad/aeudaq/cmake-3.2.2/bin/cmake -E cmake_link_script CMakeFiles/cmTryCompileExec2347771698.dir/link.txt --verbose=1
/cvmfs/sft.cern.ch/lcg/external/gcc/4.8.4/x86_64-slc6/bin/g++        CMakeFiles/cmTryCompileExec2347771698.dir/feature_tests.cxx.o  -o cmTryCompileExec2347771698 -rdynamic 
gmake[1]: Leaving directory `/home/msamjad/ilc/marlintest/mymarlin/build/CMakeFiles/CMakeTmp'


    Feature record: CXX_FEATURE:0cxx_aggregate_default_initializers
    Feature record: CXX_FEATURE:1cxx_alias_templates
    Feature record: CXX_FEATURE:1cxx_alignas
    Feature record: CXX_FEATURE:1cxx_alignof
    Feature record: CXX_FEATURE:1cxx_attributes
    Feature record: CXX_FEATURE:0cxx_attribute_deprecated
    Feature record: CXX_FEATURE:1cxx_auto_type
    Feature record: CXX_FEATURE:0cxx_binary_literals
    Feature record: CXX_FEATURE:1cxx_constexpr
    Feature record: CXX_FEATURE:0cxx_contextual_conversions
    Feature record: CXX_FEATURE:1cxx_decltype
    Feature record: CXX_FEATURE:0cxx_decltype_auto
    Feature record: CXX_FEATURE:1cxx_decltype_incomplete_return_types
    Feature record: CXX_FEATURE:1cxx_default_function_template_args
    Feature record: CXX_FEATURE:1cxx_defaulted_functions
    Feature record: CXX_FEATURE:1cxx_defaulted_move_initializers
    Feature record: CXX_FEATURE:1cxx_delegating_constructors
    Feature record: CXX_FEATURE:1cxx_deleted_functions
    Feature record: CXX_FEATURE:0cxx_digit_separators
    Feature record: CXX_FEATURE:1cxx_enum_forward_declarations
    Feature record: CXX_FEATURE:1cxx_explicit_conversions
    Feature record: CXX_FEATURE:1cxx_extended_friend_declarations
    Feature record: CXX_FEATURE:1cxx_extern_templates
    Feature record: CXX_FEATURE:1cxx_final
    Feature record: CXX_FEATURE:1cxx_func_identifier
    Feature record: CXX_FEATURE:1cxx_generalized_initializers
    Feature record: CXX_FEATURE:0cxx_generic_lambdas
    Feature record: CXX_FEATURE:1cxx_inheriting_constructors
    Feature record: CXX_FEATURE:1cxx_inline_namespaces
    Feature record: CXX_FEATURE:1cxx_lambdas
    Feature record: CXX_FEATURE:0cxx_lambda_init_captures
    Feature record: CXX_FEATURE:1cxx_local_type_template_args
    Feature record: CXX_FEATURE:1cxx_long_long_type
    Feature record: CXX_FEATURE:1cxx_noexcept
    Feature record: CXX_FEATURE:1cxx_nonstatic_member_init
    Feature record: CXX_FEATURE:1cxx_nullptr
    Feature record: CXX_FEATURE:1cxx_override
    Feature record: CXX_FEATURE:1cxx_range_for
    Feature record: CXX_FEATURE:1cxx_raw_string_literals
    Feature record: CXX_FEATURE:1cxx_reference_qualified_functions
    Feature record: CXX_FEATURE:0cxx_relaxed_constexpr
    Feature record: CXX_FEATURE:0cxx_return_type_deduction
    Feature record: CXX_FEATURE:1cxx_right_angle_brackets
    Feature record: CXX_FEATURE:1cxx_rvalue_references
    Feature record: CXX_FEATURE:1cxx_sizeof_member
    Feature record: CXX_FEATURE:1cxx_static_assert
    Feature record: CXX_FEATURE:1cxx_strong_enums
    Feature record: CXX_FEATURE:1cxx_template_template_parameters
    Feature record: CXX_FEATURE:1cxx_thread_local
    Feature record: CXX_FEATURE:1cxx_trailing_return_types
    Feature record: CXX_FEATURE:1cxx_unicode_literals
    Feature record: CXX_FEATURE:1cxx_uniform_initialization
    Feature record: CXX_FEATURE:1cxx_unrestricted_unions
    Feature record: CXX_FEATURE:1cxx_user_literals
    Feature record: CXX_FEATURE:0cxx_variable_templates
    Feature record: CXX_FEATURE:1cxx_variadic_macros
    Feature record: CXX_FEATURE:1cxx_variadic_templates


Detecting CXX [-std=c++98] compiler features compiled with the following output:
Change Dir: /home/msamjad/ilc/marlintest/mymarlin/build/CMakeFiles/CMakeTmp

Run Build Command:"/usr/bin/gmake" "cmTryCompileExec453888555/fast"
/usr/bin/gmake -f CMakeFiles/cmTryCompileExec453888555.dir/build.make CMakeFiles/cmTryCompileExec453888555.dir/build
gmake[1]: Entering directory `/home/msamjad/ilc/marlintest/mymarlin/build/CMakeFiles/CMakeTmp'
/home/msamjad/aeudaq/cmake-3.2.2/bin/cmake -E cmake_progress_report /home/msamjad/ilc/marlintest/mymarlin/build/CMakeFiles/CMakeTmp/CMakeFiles 1
Building CXX object CMakeFiles/cmTryCompileExec453888555.dir/feature_tests.cxx.o
/cvmfs/sft.cern.ch/lcg/external/gcc/4.8.4/x86_64-slc6/bin/g++    -std=c++98 -o CMakeFiles/cmTryCompileExec453888555.dir/feature_tests.cxx.o -c /home/msamjad/ilc/marlintest/mymarlin/build/CMakeFiles/feature_tests.cxx
Linking CXX executable cmTryCompileExec453888555
/home/msamjad/aeudaq/cmake-3.2.2/bin/cmake -E cmake_link_script CMakeFiles/cmTryCompileExec453888555.dir/link.txt --verbose=1
/cvmfs/sft.cern.ch/lcg/external/gcc/4.8.4/x86_64-slc6/bin/g++        CMakeFiles/cmTryCompileExec453888555.dir/feature_tests.cxx.o  -o cmTryCompileExec453888555 -rdynamic 
gmake[1]: Leaving directory `/home/msamjad/ilc/marlintest/mymarlin/build/CMakeFiles/CMakeTmp'


    Feature record: CXX_FEATURE:0cxx_aggregate_default_initializers
    Feature record: CXX_FEATURE:0cxx_alias_templates
    Feature record: CXX_FEATURE:0cxx_alignas
    Feature record: CXX_FEATURE:0cxx_alignof
    Feature record: CXX_FEATURE:0cxx_attributes
    Feature record: CXX_FEATURE:0cxx_attribute_deprecated
    Feature record: CXX_FEATURE:0cxx_auto_type
    Feature record: CXX_FEATURE:0cxx_binary_literals
    Feature record: CXX_FEATURE:0cxx_constexpr
    Feature record: CXX_FEATURE:0cxx_contextual_conversions
    Feature record: CXX_FEATURE:0cxx_decltype
    Feature record: CXX_FEATURE:0cxx_decltype_auto
    Feature record: CXX_FEATURE:0cxx_decltype_incomplete_return_types
    Feature record: CXX_FEATURE:0cxx_default_function_template_args
    Feature record: CXX_FEATURE:0cxx_defaulted_functions
    Feature record: CXX_FEATURE:0cxx_defaulted_move_initializers
    Feature record: CXX_FEATURE:0cxx_delegating_constructors
    Feature record: CXX_FEATURE:0cxx_deleted_functions
    Feature record: CXX_FEATURE:0cxx_digit_separators
    Feature record: CXX_FEATURE:0cxx_enum_forward_declarations
    Feature record: CXX_FEATURE:0cxx_explicit_conversions
    Feature record: CXX_FEATURE:0cxx_extended_friend_declarations
    Feature record: CXX_FEATURE:0cxx_extern_templates
    Feature record: CXX_FEATURE:0cxx_final
    Feature record: CXX_FEATURE:0cxx_func_identifier
    Feature record: CXX_FEATURE:0cxx_generalized_initializers
    Feature record: CXX_FEATURE:0cxx_generic_lambdas
    Feature record: CXX_FEATURE:0cxx_inheriting_constructors
    Feature record: CXX_FEATURE:0cxx_inline_namespaces
    Feature record: CXX_FEATURE:0cxx_lambdas
    Feature record: CXX_FEATURE:0cxx_lambda_init_captures
    Feature record: CXX_FEATURE:0cxx_local_type_template_args
    Feature record: CXX_FEATURE:0cxx_long_long_type
    Feature record: CXX_FEATURE:0cxx_noexcept
    Feature record: CXX_FEATURE:0cxx_nonstatic_member_init
    Feature record: CXX_FEATURE:0cxx_nullptr
    Feature record: CXX_FEATURE:0cxx_override
    Feature record: CXX_FEATURE:0cxx_range_for
    Feature record: CXX_FEATURE:0cxx_raw_string_literals
    Feature record: CXX_FEATURE:0cxx_reference_qualified_functions
    Feature record: CXX_FEATURE:0cxx_relaxed_constexpr
    Feature record: CXX_FEATURE:0cxx_return_type_deduction
    Feature record: CXX_FEATURE:0cxx_right_angle_brackets
    Feature record: CXX_FEATURE:0cxx_rvalue_references
    Feature record: CXX_FEATURE:0cxx_sizeof_member
    Feature record: CXX_FEATURE:0cxx_static_assert
    Feature record: CXX_FEATURE:0cxx_strong_enums
    Feature record: CXX_FEATURE:1cxx_template_template_parameters
    Feature record: CXX_FEATURE:0cxx_thread_local
    Feature record: CXX_FEATURE:0cxx_trailing_return_types
    Feature record: CXX_FEATURE:0cxx_unicode_literals
    Feature record: CXX_FEATURE:0cxx_uniform_initialization
    Feature record: CXX_FEATURE:0cxx_unrestricted_unions
    Feature record: CXX_FEATURE:0cxx_user_literals
    Feature record: CXX_FEATURE:0cxx_variable_templates
    Feature record: CXX_FEATURE:0cxx_variadic_macros
    Feature record: CXX_FEATURE:0cxx_variadic_templates
